"2023-12-02 08:30:19 [restartedMain] INFO  c.p.u.UserRegistrationApplication - Starting UserRegistrationApplication using Java 19.0.1 with PID 16348 (/Users/vivekbhar/Downloads/userRegistration/target/classes started by vivekbhar in /Users/vivekbhar/Downloads/userRegistration)
""2023-12-02 08:30:19 [restartedMain] DEBUG c.p.u.UserRegistrationApplication - Running with Spring Boot v3.2.0, Spring v6.1.1
""2023-12-02 08:30:19 [restartedMain] INFO  c.p.u.UserRegistrationApplication - No active profile set, falling back to 1 default profile: "default"
""2023-12-02 08:30:19 [restartedMain] INFO  o.s.b.d.e.DevToolsPropertyDefaultsPostProcessor - Devtools property defaults active! Set 'spring.devtools.add-properties' to 'false' to disable
""2023-12-02 08:30:19 [restartedMain] INFO  o.s.b.d.e.DevToolsPropertyDefaultsPostProcessor - For additional web related logging consider setting the 'logging.level.web' property to 'DEBUG'
""2023-12-02 08:30:20 [restartedMain] INFO  o.s.d.r.c.RepositoryConfigurationDelegate - Bootstrapping Spring Data JPA repositories in DEFAULT mode.
""2023-12-02 08:30:20 [restartedMain] INFO  o.s.d.r.c.RepositoryConfigurationDelegate - Finished Spring Data repository scanning in 8 ms. Found 0 JPA repository interfaces.
""2023-12-02 08:30:20 [restartedMain] INFO  o.s.b.w.e.tomcat.TomcatWebServer - Tomcat initialized with port 9090 (http)
""2023-12-02 08:30:20 [restartedMain] INFO  o.a.catalina.core.StandardService - Starting service [Tomcat]
""2023-12-02 08:30:20 [restartedMain] INFO  o.a.catalina.core.StandardEngine - Starting Servlet engine: [Apache Tomcat/10.1.16]
""2023-12-02 08:30:20 [restartedMain] INFO  o.a.c.c.C.[Tomcat].[localhost].[/] - Initializing Spring embedded WebApplicationContext
""2023-12-02 08:30:20 [restartedMain] INFO  o.s.b.w.s.c.ServletWebServerApplicationContext - Root WebApplicationContext: initialization completed in 540 ms
""2023-12-02 08:30:20 [restartedMain] INFO  com.zaxxer.hikari.HikariDataSource - HikariPool-1 - Starting...
""2023-12-02 08:30:20 [restartedMain] INFO  com.zaxxer.hikari.pool.HikariPool - HikariPool-1 - Added connection conn0: url=jdbc:h2:mem:testdb user=SA
""2023-12-02 08:30:20 [restartedMain] INFO  com.zaxxer.hikari.HikariDataSource - HikariPool-1 - Start completed.
""2023-12-02 08:30:20 [restartedMain] INFO  o.s.b.a.h.H2ConsoleAutoConfiguration - H2 console available at '/h2-console'. Database available at 'jdbc:h2:mem:testdb'
""2023-12-02 08:30:20 [restartedMain] INFO  o.h.jpa.internal.util.LogHelper - HHH000204: Processing PersistenceUnitInfo [name: default]
""2023-12-02 08:30:20 [restartedMain] INFO  org.hibernate.Version - HHH000412: Hibernate ORM core version 6.3.1.Final
""2023-12-02 08:30:20 [restartedMain] INFO  o.h.c.i.RegionFactoryInitiator - HHH000026: Second-level cache disabled
""2023-12-02 08:30:20 [restartedMain] INFO  o.s.o.j.p.SpringPersistenceUnitInfo - No LoadTimeWeaver setup: ignoring JPA class transformer
""2023-12-02 08:30:20 [restartedMain] WARN  org.hibernate.orm.deprecation - HHH90000025: H2Dialect does not need to be specified explicitly using 'hibernate.dialect' (remove the property setting and it will be selected by default)
""2023-12-02 08:30:20 [restartedMain] INFO  o.h.e.t.j.p.i.JtaPlatformInitiator - HHH000489: No JTA platform available (set 'hibernate.transaction.jta.platform' to enable JTA platform integration)
""2023-12-02 08:30:20 [restartedMain] INFO  o.s.o.j.LocalContainerEntityManagerFactoryBean - Initialized JPA EntityManagerFactory for persistence unit 'default'
""2023-12-02 08:30:20 [restartedMain] WARN  o.s.b.a.o.j.JpaBaseConfiguration$JpaWebConfiguration - spring.jpa.open-in-view is enabled by default. Therefore, database queries may be performed during view rendering. Explicitly configure spring.jpa.open-in-view to disable this warning
""2023-12-02 08:30:21 [restartedMain] INFO  o.s.b.d.a.OptionalLiveReloadServer - LiveReload server is running on port 35729
""2023-12-02 08:30:21 [restartedMain] INFO  o.s.b.w.e.tomcat.TomcatWebServer - Tomcat started on port 9090 (http) with context path ''
""2023-12-02 08:30:21 [restartedMain] INFO  c.p.u.UserRegistrationApplication - Started UserRegistrationApplication in 1.625 seconds (process running for 1.904)
""2023-12-02 08:30:48 [http-nio-9090-exec-1] INFO  o.a.c.c.C.[Tomcat].[localhost].[/] - Initializing Spring DispatcherServlet 'dispatcherServlet'
""2023-12-02 08:30:48 [http-nio-9090-exec-1] INFO  c.p.u.UserRegistrationApplication - log started...
""2023-12-02 08:30:48 [http-nio-9090-exec-1] DEBUG c.p.u.UserRegistrationApplication - log in between
""2023-12-02 08:30:48 [http-nio-9090-exec-1] DEBUG c.p.u.UserRegistrationApplication - Running run method
""2023-12-02 08:31:58 [SpringApplicationShutdownHook] INFO  o.s.o.j.LocalContainerEntityManagerFactoryBean - Closing JPA EntityManagerFactory for persistence unit 'default'
""2023-12-02 08:31:58 [SpringApplicationShutdownHook] WARN  o.s.b.f.s.DisposableBeanAdapter - Invocation of destroy method failed on bean with name 'inMemoryDatabaseShutdownExecutor': org.h2.jdbc.JdbcSQLNonTransientConnectionException: Database is already closed (to disable automatic closing at VM shutdown, add ";DB_CLOSE_ON_EXIT=FALSE" to the db URL) [90121-224]
""2023-12-02 08:31:58 [SpringApplicationShutdownHook] INFO  com.zaxxer.hikari.HikariDataSource - HikariPool-1 - Shutdown initiated...
""2023-12-02 08:31:58 [SpringApplicationShutdownHook] INFO  com.zaxxer.hikari.HikariDataSource - HikariPool-1 - Shutdown completed.
"